<?xml version="1.0" encoding="UTF-8"?>
<!-- Generated by org.testng.reporters.JUnitXMLReporter -->
<testsuite ignored="0" hostname="DESKTOP-G5HAG0G" failures="0" tests="4" name="Default test" time="46.78" errors="0" timestamp="2022-11-10T15:55:27 IST">
  <testcase classname="org.testng.AmazonTestNg" name="bagsearch" time="8.433"/>
  <testcase classname="org.testng.AmazonTestNg" name="iphonesearch" time="4.025"/>
  <testcase classname="org.testng.AmazonTestNg" name="toyssearch" time="7.124"/>
  <testcase classname="org.testng.AmazonTestNg" name="watchsearch" time="7.105"/>
</testsuite> <!-- Default test -->
