<?xml version="1.0" encoding="UTF-8"?>
<testng-results ignored="0" total="4" passed="4" failed="0" skipped="0">
  <reporter-output>
  </reporter-output>
  <suite started-at="2022-11-10T15:54:41 IST" name="Default suite" finished-at="2022-11-10T15:55:27 IST" duration-ms="46780">
    <groups>
    </groups>
    <test started-at="2022-11-10T15:54:41 IST" name="Default test" finished-at="2022-11-10T15:55:27 IST" duration-ms="46780">
      <class name="org.testng.AmazonTestNg">
        <test-method is-config="true" signature="browser()[pri:0, instance:org.testng.AmazonTestNg@298a5e20]" started-at="2022-11-10T15:54:34 IST" name="browser" finished-at="2022-11-10T15:54:41 IST" duration-ms="6365" status="PASS">
          <reporter-output>
          </reporter-output>
        </test-method> <!-- browser -->
        <test-method is-config="true" signature="launchurl()[pri:0, instance:org.testng.AmazonTestNg@298a5e20]" started-at="2022-11-10T15:54:41 IST" name="launchurl" finished-at="2022-11-10T15:54:48 IST" duration-ms="6952" status="PASS">
          <reporter-output>
          </reporter-output>
        </test-method> <!-- launchurl -->
        <test-method signature="bagsearch()[pri:0, instance:org.testng.AmazonTestNg@298a5e20]" started-at="2022-11-10T15:54:48 IST" name="bagsearch" finished-at="2022-11-10T15:54:56 IST" duration-ms="8433" status="PASS">
          <reporter-output>
          </reporter-output>
        </test-method> <!-- bagsearch -->
        <test-method is-config="true" signature="aftertest()[pri:0, instance:org.testng.AmazonTestNg@298a5e20]" started-at="2022-11-10T15:54:56 IST" name="aftertest" finished-at="2022-11-10T15:54:56 IST" duration-ms="256" status="PASS">
          <reporter-output>
          </reporter-output>
        </test-method> <!-- aftertest -->
        <test-method is-config="true" signature="launchurl()[pri:0, instance:org.testng.AmazonTestNg@298a5e20]" started-at="2022-11-10T15:54:56 IST" name="launchurl" finished-at="2022-11-10T15:55:00 IST" duration-ms="3981" status="PASS">
          <reporter-output>
          </reporter-output>
        </test-method> <!-- launchurl -->
        <test-method signature="iphonesearch()[pri:0, instance:org.testng.AmazonTestNg@298a5e20]" started-at="2022-11-10T15:55:00 IST" name="iphonesearch" finished-at="2022-11-10T15:55:04 IST" duration-ms="4025" status="PASS">
          <reporter-output>
          </reporter-output>
        </test-method> <!-- iphonesearch -->
        <test-method is-config="true" signature="aftertest()[pri:0, instance:org.testng.AmazonTestNg@298a5e20]" started-at="2022-11-10T15:55:04 IST" name="aftertest" finished-at="2022-11-10T15:55:05 IST" duration-ms="442" status="PASS">
          <reporter-output>
          </reporter-output>
        </test-method> <!-- aftertest -->
        <test-method is-config="true" signature="launchurl()[pri:0, instance:org.testng.AmazonTestNg@298a5e20]" started-at="2022-11-10T15:55:05 IST" name="launchurl" finished-at="2022-11-10T15:55:08 IST" duration-ms="3644" status="PASS">
          <reporter-output>
          </reporter-output>
        </test-method> <!-- launchurl -->
        <test-method signature="toyssearch()[pri:0, instance:org.testng.AmazonTestNg@298a5e20]" started-at="2022-11-10T15:55:08 IST" name="toyssearch" finished-at="2022-11-10T15:55:16 IST" duration-ms="7124" status="PASS">
          <reporter-output>
          </reporter-output>
        </test-method> <!-- toyssearch -->
        <test-method is-config="true" signature="aftertest()[pri:0, instance:org.testng.AmazonTestNg@298a5e20]" started-at="2022-11-10T15:55:16 IST" name="aftertest" finished-at="2022-11-10T15:55:16 IST" duration-ms="385" status="PASS">
          <reporter-output>
          </reporter-output>
        </test-method> <!-- aftertest -->
        <test-method is-config="true" signature="launchurl()[pri:0, instance:org.testng.AmazonTestNg@298a5e20]" started-at="2022-11-10T15:55:16 IST" name="launchurl" finished-at="2022-11-10T15:55:20 IST" duration-ms="3900" status="PASS">
          <reporter-output>
          </reporter-output>
        </test-method> <!-- launchurl -->
        <test-method signature="watchsearch()[pri:0, instance:org.testng.AmazonTestNg@298a5e20]" started-at="2022-11-10T15:55:20 IST" name="watchsearch" finished-at="2022-11-10T15:55:27 IST" duration-ms="7105" status="PASS">
          <reporter-output>
          </reporter-output>
        </test-method> <!-- watchsearch -->
        <test-method is-config="true" signature="aftertest()[pri:0, instance:org.testng.AmazonTestNg@298a5e20]" started-at="2022-11-10T15:55:27 IST" name="aftertest" finished-at="2022-11-10T15:55:27 IST" duration-ms="351" status="PASS">
          <reporter-output>
          </reporter-output>
        </test-method> <!-- aftertest -->
      </class> <!-- org.testng.AmazonTestNg -->
    </test> <!-- Default test -->
  </suite> <!-- Default suite -->
</testng-results>
